# JRE version: OpenJDK Runtime Environment Temurin-21.0.6+7 (21.0.6+7) (build 21.0.6+7-LTS)
# Java VM: OpenJDK 64-Bit Server VM Temurin-21.0.6+7 (21.0.6+7-LTS, mixed mode, sharing, tiered, compressed oops, compressed class ptrs, parallel gc, windows-amd64)
GC Precious Log:
 CardTable entry size: 512
 CPUs: 8 total, 8 available
 Memory: 16167M
 Large Page Support: Disabled
 NUMA Support: Disabled
 Compressed Oops: Enabled (32-bit)
 Alignments: Space 512K, Generation 512K, Heap 2M
 Heap Min Capacity: 100M
 Heap Initial Capacity: 100M
 Heap Max Capacity: 1G
 Pre-touch: Disabled
 Parallel Workers: 8
Heap:
 PSYoungGen      total 18944K, used 3060K [0x00000000eab00000, 0x00000000ec080000, 0x0000000100000000)
  eden space 15872K, 0% used [0x00000000eab00000,0x00000000eab00000,0x00000000eba80000)
  from space 3072K, 99% used [0x00000000ebd80000,0x00000000ec07d250,0x00000000ec080000)
  to   space 2048K, 0% used [0x00000000ebb80000,0x00000000ebb80000,0x00000000ebd80000)
 ParOldGen       total 68608K, used 64948K [0x00000000c0000000, 0x00000000c4300000, 0x00000000eab00000)
  object space 68608K, 94% used [0x00000000c0000000,0x00000000c3f6d190,0x00000000c4300000)
 Metaspace       used 52106K, committed 53440K, reserved 1114112K
  class space    used 5474K, committed 6080K, reserved 1048576K
GC Heap History (20 events):
Event: 33.790 GC heap after
{Heap after GC invocations=28 (full 2):
 PSYoungGen      total 20992K, used 1526K [0x00000000eab00000, 0x00000000ec980000, 0x0000000100000000)
  eden space 19456K, 0% used [0x00000000eab00000,0x00000000eab00000,0x00000000ebe00000)
  from space 1536K, 99% used [0x00000000ec300000,0x00000000ec47d808,0x00000000ec480000)
  to   space 5120K, 0% used [0x00000000ebe00000,0x00000000ebe00000,0x00000000ec300000)
 ParOldGen       total 68608K, used 40020K [0x00000000c0000000, 0x00000000c4300000, 0x00000000eab00000)
  object space 68608K, 58% used [0x00000000c0000000,0x00000000c2715398,0x00000000c4300000)
 Metaspace       used 47828K, committed 49024K, reserved 1114112K
  class space    used 5063K, committed 5632K, reserved 1048576K
}
Event: 34.778 GC heap before
{Heap before GC invocations=29 (full 2):
 PSYoungGen      total 20992K, used 20982K [0x00000000eab00000, 0x00000000ec980000, 0x0000000100000000)
  eden space 19456K, 100% used [0x00000000eab00000,0x00000000ebe00000,0x00000000ebe00000)
  from space 1536K, 99% used [0x00000000ec300000,0x00000000ec47d808,0x00000000ec480000)
  to   space 5120K, 0% used [0x00000000ebe00000,0x00000000ebe00000,0x00000000ec300000)
 ParOldGen       total 68608K, used 40020K [0x00000000c0000000, 0x00000000c4300000, 0x00000000eab00000)
  object space 68608K, 58% used [0x00000000c0000000,0x00000000c2715398,0x00000000c4300000)
 Metaspace       used 48104K, committed 49344K, reserved 1114112K
  class space    used 5089K, committed 5696K, reserved 1048576K
}
Event: 34.783 GC heap after
{Heap after GC invocations=29 (full 2):
 PSYoungGen      total 24064K, used 4332K [0x00000000eab00000, 0x00000000ec700000, 0x0000000100000000)
  eden space 19456K, 0% used [0x00000000eab00000,0x00000000eab00000,0x00000000ebe00000)
  from space 4608K, 94% used [0x00000000ebe00000,0x00000000ec23b2b8,0x00000000ec280000)
  to   space 4608K, 0% used [0x00000000ec280000,0x00000000ec280000,0x00000000ec700000)
 ParOldGen       total 68608K, used 41416K [0x00000000c0000000, 0x00000000c4300000, 0x00000000eab00000)
  object space 68608K, 60% used [0x00000000c0000000,0x00000000c28723a8,0x00000000c4300000)
 Metaspace       used 48104K, committed 49344K, reserved 1114112K
  class space    used 5089K, committed 5696K, reserved 1048576K
}
Event: 35.380 GC heap before
{Heap before GC invocations=30 (full 2):
 PSYoungGen      total 24064K, used 23788K [0x00000000eab00000, 0x00000000ec700000, 0x0000000100000000)
  eden space 19456K, 100% used [0x00000000eab00000,0x00000000ebe00000,0x00000000ebe00000)
  from space 4608K, 94% used [0x00000000ebe00000,0x00000000ec23b2b8,0x00000000ec280000)
  to   space 4608K, 0% used [0x00000000ec280000,0x00000000ec280000,0x00000000ec700000)
 ParOldGen       total 68608K, used 41416K [0x00000000c0000000, 0x00000000c4300000, 0x00000000eab00000)
  object space 68608K, 60% used [0x00000000c0000000,0x00000000c28723a8,0x00000000c4300000)
 Metaspace       used 48532K, committed 49728K, reserved 1114112K
  class space    used 5134K, committed 5696K, reserved 1048576K
}
Event: 35.386 GC heap after
{Heap after GC invocations=30 (full 2):
 PSYoungGen      total 24064K, used 4058K [0x00000000eab00000, 0x00000000ec700000, 0x0000000100000000)
  eden space 19456K, 0% used [0x00000000eab00000,0x00000000eab00000,0x00000000ebe00000)
  from space 4608K, 88% used [0x00000000ec280000,0x00000000ec676848,0x00000000ec700000)
  to   space 4608K, 0% used [0x00000000ebe00000,0x00000000ebe00000,0x00000000ec280000)
 ParOldGen       total 68608K, used 45395K [0x00000000c0000000, 0x00000000c4300000, 0x00000000eab00000)
  object space 68608K, 66% used [0x00000000c0000000,0x00000000c2c54d50,0x00000000c4300000)
 Metaspace       used 48532K, committed 49728K, reserved 1114112K
  class space    used 5134K, committed 5696K, reserved 1048576K
}
Event: 35.576 GC heap before
{Heap before GC invocations=31 (full 2):
 PSYoungGen      total 24064K, used 23514K [0x00000000eab00000, 0x00000000ec700000, 0x0000000100000000)
  eden space 19456K, 100% used [0x00000000eab00000,0x00000000ebe00000,0x00000000ebe00000)
  from space 4608K, 88% used [0x00000000ec280000,0x00000000ec676848,0x00000000ec700000)
  to   space 4608K, 0% used [0x00000000ebe00000,0x00000000ebe00000,0x00000000ec280000)
 ParOldGen       total 68608K, used 45395K [0x00000000c0000000, 0x00000000c4300000, 0x00000000eab00000)
  object space 68608K, 66% used [0x00000000c0000000,0x00000000c2c54d50,0x00000000c4300000)
 Metaspace       used 49693K, committed 50944K, reserved 1114112K
  class space    used 5238K, committed 5824K, reserved 1048576K
}
Event: 35.581 GC heap after
{Heap after GC invocations=31 (full 2):
 PSYoungGen      total 23040K, used 3135K [0x00000000eab00000, 0x00000000ec500000, 0x0000000100000000)
  eden space 19456K, 0% used [0x00000000eab00000,0x00000000eab00000,0x00000000ebe00000)
  from space 3584K, 87% used [0x00000000ebe00000,0x00000000ec10fe48,0x00000000ec180000)
  to   space 3584K, 0% used [0x00000000ec180000,0x00000000ec180000,0x00000000ec500000)
 ParOldGen       total 68608K, used 49213K [0x00000000c0000000, 0x00000000c4300000, 0x00000000eab00000)
  object space 68608K, 71% used [0x00000000c0000000,0x00000000c300f6e8,0x00000000c4300000)
 Metaspace       used 49693K, committed 50944K, reserved 1114112K
  class space    used 5238K, committed 5824K, reserved 1048576K
}
Event: 36.295 GC heap before
{Heap before GC invocations=32 (full 2):
 PSYoungGen      total 23040K, used 22591K [0x00000000eab00000, 0x00000000ec500000, 0x0000000100000000)
  eden space 19456K, 100% used [0x00000000eab00000,0x00000000ebe00000,0x00000000ebe00000)
  from space 3584K, 87% used [0x00000000ebe00000,0x00000000ec10fe48,0x00000000ec180000)
  to   space 3584K, 0% used [0x00000000ec180000,0x00000000ec180000,0x00000000ec500000)
 ParOldGen       total 68608K, used 49213K [0x00000000c0000000, 0x00000000c4300000, 0x00000000eab00000)
  object space 68608K, 71% used [0x00000000c0000000,0x00000000c300f6e8,0x00000000c4300000)
 Metaspace       used 50501K, committed 51712K, reserved 1114112K
  class space    used 5333K, committed 5888K, reserved 1048576K
}
Event: 36.299 GC heap after
{Heap after GC invocations=32 (full 2):
 PSYoungGen      total 19456K, used 3569K [0x00000000eab00000, 0x00000000ecc00000, 0x0000000100000000)
  eden space 15872K, 0% used [0x00000000eab00000,0x00000000eab00000,0x00000000eba80000)
  from space 3584K, 99% used [0x00000000ec180000,0x00000000ec4fc7a0,0x00000000ec500000)
  to   space 7168K, 0% used [0x00000000eba80000,0x00000000eba80000,0x00000000ec180000)
 ParOldGen       total 68608K, used 52118K [0x00000000c0000000, 0x00000000c4300000, 0x00000000eab00000)
  object space 68608K, 75% used [0x00000000c0000000,0x00000000c32e59a8,0x00000000c4300000)
 Metaspace       used 50501K, committed 51712K, reserved 1114112K
  class space    used 5333K, committed 5888K, reserved 1048576K
}
Event: 37.345 GC heap before
{Heap before GC invocations=33 (full 2):
 PSYoungGen      total 19456K, used 19441K [0x00000000eab00000, 0x00000000ecc00000, 0x0000000100000000)
  eden space 15872K, 100% used [0x00000000eab00000,0x00000000eba80000,0x00000000eba80000)
  from space 3584K, 99% used [0x00000000ec180000,0x00000000ec4fc7a0,0x00000000ec500000)
  to   space 7168K, 0% used [0x00000000eba80000,0x00000000eba80000,0x00000000ec180000)
 ParOldGen       total 68608K, used 52118K [0x00000000c0000000, 0x00000000c4300000, 0x00000000eab00000)
  object space 68608K, 75% used [0x00000000c0000000,0x00000000c32e59a8,0x00000000c4300000)
 Metaspace       used 50568K, committed 51776K, reserved 1114112K
  class space    used 5341K, committed 5888K, reserved 1048576K
}
Event: 37.348 GC heap after
{Heap after GC invocations=33 (full 2):
 PSYoungGen      total 19968K, used 3627K [0x00000000eab00000, 0x00000000ec480000, 0x0000000100000000)
  eden space 15872K, 0% used [0x00000000eab00000,0x00000000eab00000,0x00000000eba80000)
  from space 4096K, 88% used [0x00000000eba80000,0x00000000ebe0ac20,0x00000000ebe80000)
  to   space 5120K, 0% used [0x00000000ebf80000,0x00000000ebf80000,0x00000000ec480000)
 ParOldGen       total 68608K, used 55591K [0x00000000c0000000, 0x00000000c4300000, 0x00000000eab00000)
  object space 68608K, 81% used [0x00000000c0000000,0x00000000c3649f98,0x00000000c4300000)
 Metaspace       used 50568K, committed 51776K, reserved 1114112K
  class space    used 5341K, committed 5888K, reserved 1048576K
}
Event: 37.395 GC heap before
{Heap before GC invocations=34 (full 2):
 PSYoungGen      total 19968K, used 19499K [0x00000000eab00000, 0x00000000ec480000, 0x0000000100000000)
  eden space 15872K, 100% used [0x00000000eab00000,0x00000000eba80000,0x00000000eba80000)
  from space 4096K, 88% used [0x00000000eba80000,0x00000000ebe0ac20,0x00000000ebe80000)
  to   space 5120K, 0% used [0x00000000ebf80000,0x00000000ebf80000,0x00000000ec480000)
 ParOldGen       total 68608K, used 55591K [0x00000000c0000000, 0x00000000c4300000, 0x00000000eab00000)
  object space 68608K, 81% used [0x00000000c0000000,0x00000000c3649f98,0x00000000c4300000)
 Metaspace       used 50854K, committed 52096K, reserved 1114112K
  class space    used 5359K, committed 5952K, reserved 1048576K
}
Event: 37.399 GC heap after
{Heap after GC invocations=34 (full 2):
 PSYoungGen      total 19456K, used 3235K [0x00000000eab00000, 0x00000000ec300000, 0x0000000100000000)
  eden space 15872K, 0% used [0x00000000eab00000,0x00000000eab00000,0x00000000eba80000)
  from space 3584K, 90% used [0x00000000ebf80000,0x00000000ec2a8ef0,0x00000000ec300000)
  to   space 3584K, 0% used [0x00000000ebc00000,0x00000000ebc00000,0x00000000ebf80000)
 ParOldGen       total 68608K, used 58989K [0x00000000c0000000, 0x00000000c4300000, 0x00000000eab00000)
  object space 68608K, 85% used [0x00000000c0000000,0x00000000c399b660,0x00000000c4300000)
 Metaspace       used 50854K, committed 52096K, reserved 1114112K
  class space    used 5359K, committed 5952K, reserved 1048576K
}
Event: 37.453 GC heap before
{Heap before GC invocations=35 (full 2):
 PSYoungGen      total 19456K, used 19107K [0x00000000eab00000, 0x00000000ec300000, 0x0000000100000000)
  eden space 15872K, 100% used [0x00000000eab00000,0x00000000eba80000,0x00000000eba80000)
  from space 3584K, 90% used [0x00000000ebf80000,0x00000000ec2a8ef0,0x00000000ec300000)
  to   space 3584K, 0% used [0x00000000ebc00000,0x00000000ebc00000,0x00000000ebf80000)
 ParOldGen       total 68608K, used 58989K [0x00000000c0000000, 0x00000000c4300000, 0x00000000eab00000)
  object space 68608K, 85% used [0x00000000c0000000,0x00000000c399b660,0x00000000c4300000)
 Metaspace       used 50875K, committed 52160K, reserved 1114112K
  class space    used 5359K, committed 5952K, reserved 1048576K
}
Event: 37.456 GC heap after
{Heap after GC invocations=35 (full 2):
 PSYoungGen      total 17920K, used 1957K [0x00000000eab00000, 0x00000000ec000000, 0x0000000100000000)
  eden space 15872K, 0% used [0x00000000eab00000,0x00000000eab00000,0x00000000eba80000)
  from space 2048K, 95% used [0x00000000ebc00000,0x00000000ebde96b0,0x00000000ebe00000)
  to   space 2048K, 0% used [0x00000000ebe00000,0x00000000ebe00000,0x00000000ec000000)
 ParOldGen       total 68608K, used 61494K [0x00000000c0000000, 0x00000000c4300000, 0x00000000eab00000)
  object space 68608K, 89% used [0x00000000c0000000,0x00000000c3c0d9d0,0x00000000c4300000)
 Metaspace       used 50875K, committed 52160K, reserved 1114112K
  class space    used 5359K, committed 5952K, reserved 1048576K
}
Event: 37.484 GC heap before
{Heap before GC invocations=36 (full 2):
 PSYoungGen      total 17920K, used 17829K [0x00000000eab00000, 0x00000000ec000000, 0x0000000100000000)
  eden space 15872K, 100% used [0x00000000eab00000,0x00000000eba80000,0x00000000eba80000)
  from space 2048K, 95% used [0x00000000ebc00000,0x00000000ebde96b0,0x00000000ebe00000)
  to   space 2048K, 0% used [0x00000000ebe00000,0x00000000ebe00000,0x00000000ec000000)
 ParOldGen       total 68608K, used 61494K [0x00000000c0000000, 0x00000000c4300000, 0x00000000eab00000)
  object space 68608K, 89% used [0x00000000c0000000,0x00000000c3c0d9d0,0x00000000c4300000)
 Metaspace       used 50886K, committed 52160K, reserved 1114112K
  class space    used 5359K, committed 5952K, reserved 1048576K
}
Event: 37.486 GC heap after
{Heap after GC invocations=36 (full 2):
 PSYoungGen      total 17408K, used 1294K [0x00000000eab00000, 0x00000000ebf80000, 0x0000000100000000)
  eden space 15872K, 0% used [0x00000000eab00000,0x00000000eab00000,0x00000000eba80000)
  from space 1536K, 84% used [0x00000000ebe00000,0x00000000ebf439f0,0x00000000ebf80000)
  to   space 2048K, 0% used [0x00000000ebb80000,0x00000000ebb80000,0x00000000ebd80000)
 ParOldGen       total 68608K, used 62382K [0x00000000c0000000, 0x00000000c4300000, 0x00000000eab00000)
  object space 68608K, 90% used [0x00000000c0000000,0x00000000c3cebb68,0x00000000c4300000)
 Metaspace       used 50886K, committed 52160K, reserved 1114112K
  class space    used 5359K, committed 5952K, reserved 1048576K
}
Event: 37.563 GC heap before
{Heap before GC invocations=37 (full 2):
 PSYoungGen      total 17408K, used 17166K [0x00000000eab00000, 0x00000000ebf80000, 0x0000000100000000)
  eden space 15872K, 100% used [0x00000000eab00000,0x00000000eba80000,0x00000000eba80000)
  from space 1536K, 84% used [0x00000000ebe00000,0x00000000ebf439f0,0x00000000ebf80000)
  to   space 2048K, 0% used [0x00000000ebb80000,0x00000000ebb80000,0x00000000ebd80000)
 ParOldGen       total 68608K, used 62382K [0x00000000c0000000, 0x00000000c4300000, 0x00000000eab00000)
  object space 68608K, 90% used [0x00000000c0000000,0x00000000c3cebb68,0x00000000c4300000)
 Metaspace       used 51624K, committed 52864K, reserved 1114112K
  class space    used 5424K, committed 6016K, reserved 1048576K
}
Event: 37.565 GC heap after
{Heap after GC invocations=37 (full 2):
 PSYoungGen      total 17920K, used 2032K [0x00000000eab00000, 0x00000000ec080000, 0x0000000100000000)
  eden space 15872K, 0% used [0x00000000eab00000,0x00000000eab00000,0x00000000eba80000)
  from space 2048K, 99% used [0x00000000ebb80000,0x00000000ebd7c3d8,0x00000000ebd80000)
  to   space 3072K, 0% used [0x00000000ebd80000,0x00000000ebd80000,0x00000000ec080000)
 ParOldGen       total 68608K, used 63020K [0x00000000c0000000, 0x00000000c4300000, 0x00000000eab00000)
  object space 68608K, 91% used [0x00000000c0000000,0x00000000c3d8b1d8,0x00000000c4300000)
 Metaspace       used 51624K, committed 52864K, reserved 1114112K
  class space    used 5424K, committed 6016K, reserved 1048576K
}
Event: 37.644 GC heap before
{Heap before GC invocations=38 (full 2):
 PSYoungGen      total 17920K, used 17904K [0x00000000eab00000, 0x00000000ec080000, 0x0000000100000000)
  eden space 15872K, 100% used [0x00000000eab00000,0x00000000eba80000,0x00000000eba80000)
  from space 2048K, 99% used [0x00000000ebb80000,0x00000000ebd7c3d8,0x00000000ebd80000)
  to   space 3072K, 0% used [0x00000000ebd80000,0x00000000ebd80000,0x00000000ec080000)
 ParOldGen       total 68608K, used 63020K [0x00000000c0000000, 0x00000000c4300000, 0x00000000eab00000)
  object space 68608K, 91% used [0x00000000c0000000,0x00000000c3d8b1d8,0x00000000c4300000)
 Metaspace       used 52106K, committed 53440K, reserved 1114112K
  class space    used 5474K, committed 6080K, reserved 1048576K
}

